<?xml version="1.0" encoding="UTF-8"?>
<!-- Generated by org.testng.reporters.JUnitReportReporter -->
<testsuite skipped="0" hostname="C02YTCS1LVCG" name="sampletestng.SeleniumTest" tests="4" failures="0" timestamp="10 Sep 2020 12:42:46 GMT" time="0.009" errors="0">
  <testcase name="LoginTest" time="0.001" classname="sampletestng.SeleniumTest"/>
  <testcase name="LogoutTest" time="0.001" classname="sampletestng.SeleniumTest"/>
  <testcase name="LoginTest" time="0.001" classname="sampletestng.SeleniumTest"/>
  <testcase name="LoginTest" time="0.006" classname="sampletestng.SeleniumTest"/>
</testsuite> <!-- sampletestng.SeleniumTest -->
