<?xml version="1.0" encoding="UTF-8"?>
<!-- Generated by org.testng.reporters.JUnitReportReporter -->
<testsuite skipped="0" hostname="C02YTCS1LVCG" name="restapitests.RestAPITest" tests="2" failures="0" timestamp="06 Jun 2020 06:44:43 GMT" time="0.005" errors="0">
  <testcase name="RESTLoginTest" time="0.003" classname="restapitests.RestAPITest"/>
  <testcase name="RESTLogoutTest" time="0.002" classname="restapitests.RestAPITest"/>
</testsuite> <!-- restapitests.RestAPITest -->
