<?xml version="1.0" encoding="UTF-8"?>
<!-- Generated by org.testng.reporters.JUnitReportReporter -->
<testsuite skipped="0" hostname="C02YTCS1LVCG" name="HelloTestNG" tests="3" failures="0" timestamp="25 Aug 2019 11:22:05 GMT" time="0.005" errors="0">
  <testcase name="HelloTest" time="0.001" classname="HelloTestNG"/>
  <testcase name="LoginTest" time="0.001" classname="HelloTestNG"/>
  <testcase name="AnotherHelloTest" time="0.003" classname="HelloTestNG"/>
</testsuite> <!-- HelloTestNG -->
