<?xml version="1.0" encoding="UTF-8"?>
<!-- Generated by org.testng.reporters.JUnitReportReporter -->
<testsuite skipped="0" hostname="C02YTCS1LVCG" name="restapitests.RestAPITest" tests="2" failures="0" timestamp="10 Sep 2020 12:46:42 GMT" time="0.000" errors="0">
  <testcase name="RESTLogoutTest" time="0.000" classname="restapitests.RestAPITest"/>
  <testcase name="RESTLoginTest" time="0.000" classname="restapitests.RestAPITest"/>
</testsuite> <!-- restapitests.RestAPITest -->
