<?xml version="1.0" encoding="UTF-8"?>
<!-- Generated by org.testng.reporters.JUnitReportReporter -->
<testsuite skipped="0" hostname="C02YTCS1LVCG" name="remoteTesting.dockerValidation.StartDockerTest" tests="1" failures="0" timestamp="19 Sep 2020 05:12:12 GMT" time="0.056" errors="0">
  <testcase name="StartFileTest" time="0.056" classname="remoteTesting.dockerValidation.StartDockerTest"/>
</testsuite> <!-- remoteTesting.dockerValidation.StartDockerTest -->
