<?xml version="1.0" encoding="UTF-8"?>
<!-- Generated by org.testng.reporters.JUnitReportReporter -->
<testsuite skipped="0" hostname="C02YTCS1LVCG" name="RestAPI.RestAPITest.RestAPITest" tests="1" failures="0" timestamp="28 Sep 2020 09:28:16 GMT" time="1.356" errors="0">
  <testcase name="AddPlace" time="1.356" classname="RestAPI.RestAPITest.RestAPITest"/>
</testsuite> <!-- RestAPI.RestAPITest.RestAPITest -->
