<?xml version="1.0" encoding="UTF-8"?>
<!-- Generated by org.testng.reporters.JUnitReportReporter -->
<testsuite skipped="0" hostname="C02YTCS1LVCG" name="RestAPI.RestAPITest.AppTest" tests="1" failures="0" timestamp="28 Sep 2020 08:51:22 GMT" time="0.006" errors="0">
  <testcase name="testApp" time="0.006" classname="RestAPI.RestAPITest.AppTest"/>
</testsuite> <!-- RestAPI.RestAPITest.AppTest -->
