<?xml version="1.0" encoding="UTF-8"?>
<!-- Generated by org.testng.reporters.JUnitReportReporter -->
<testsuite skipped="0" hostname="C02YTCS1LVCG" name="rk.testautomation.SeleniumTest" tests="2" failures="0" timestamp="2020-09-16T22:02:54 IST" time="0.001" errors="0">
  <testcase name="HomePage" time="0.001" classname="rk.testautomation.SeleniumTest"/>
  <system-out/>
  <testcase name="LoginAsUser" time="0.000" classname="rk.testautomation.SeleniumTest"/>
  <system-out/>
</testsuite> <!-- rk.testautomation.SeleniumTest -->
