<?xml version="1.0" encoding="UTF-8"?>
<!-- Generated by org.testng.reporters.JUnitReportReporter -->
<testsuite skipped="0" hostname="C02YTCS1LVCG" name="rk.testautomation.AppiumTest" tests="2" failures="0" timestamp="2020-09-28T14:56:25 IST" time="0.002" errors="0">
  <testcase name="NativeAppAndroid" time="0.001" classname="rk.testautomation.AppiumTest"/>
  <system-out/>
  <testcase name="iOSApp" time="0.001" classname="rk.testautomation.AppiumTest"/>
  <system-out/>
</testsuite> <!-- rk.testautomation.AppiumTest -->
