<?xml version="1.0" encoding="UTF-8"?>
<!-- Generated by org.testng.reporters.JUnitReportReporter -->
<testsuite skipped="0" hostname="C02YTCS1LVCG" name="rk.testautomation.RESTApiTest" tests="1" failures="0" timestamp="2020-09-16T22:02:54 IST" time="0.006" errors="0">
  <testcase name="postJira" time="0.006" classname="rk.testautomation.RESTApiTest"/>
  <system-out/>
</testsuite> <!-- rk.testautomation.RESTApiTest -->
