<?xml version="1.0" encoding="UTF-8"?>
<!-- Generated by org.testng.reporters.JUnitReportReporter -->
<testsuite skipped="0" hostname="C02YTCS1LVCG" name="testcases.LoginApplication" tests="1" failures="0" timestamp="13 Sep 2020 00:37:30 GMT" time="4.566" errors="0">
  <testcase name="Login" time="4.566" classname="testcases.LoginApplication"/>
</testsuite> <!-- testcases.LoginApplication -->
