<?xml version="1.0" encoding="UTF-8"?>
<!-- Generated by org.testng.reporters.JUnitReportReporter -->
<testsuite skipped="0" hostname="C02YTCS1LVCG" name="testcases.LoginApplication" tests="1" failures="0" timestamp="13 Sep 2020 16:46:19 GMT" time="4.708" errors="0">
  <testcase name="Login" time="4.708" classname="testcases.LoginApplication"/>
</testsuite> <!-- testcases.LoginApplication -->
